<?xml version="1.0" encoding="UTF-8"?>
<testsuite name="main.browse.BrowseFilePageControllerTest" tests="1" skipped="0" failures="0" errors="0" timestamp="2021-05-25T06:53:37" hostname="BLAKE" time="1.459">
  <properties/>
  <testcase name="testProjectsListEmpty()" classname="main.browse.BrowseFilePageControllerTest" time="1.459"/>
  <system-out><![CDATA[]]></system-out>
  <system-err><![CDATA[May 24, 2021 11:53:37 PM javafx.fxml.FXMLLoader$ValueElement processValue
WARNING: Loading FXML document with JavaFX API of version 16 by JavaFX runtime of version 15.0.1
May 24, 2021 11:53:37 PM javafx.fxml.FXMLLoader$ValueElement processValue
WARNING: Loading FXML document with JavaFX API of version 16 by JavaFX runtime of version 15.0.1
May 24, 2021 11:53:38 PM javafx.fxml.FXMLLoader$ValueElement processValue
WARNING: Loading FXML document with JavaFX API of version 16 by JavaFX runtime of version 15.0.1
]]></system-err>
</testsuite>
