<?xml version="1.0" encoding="UTF-8"?>
<testsuite name="main.browse.BrowseFilePageControllerTest" tests="6" skipped="0" failures="0" errors="0" timestamp="2021-06-03T15:52:49" hostname="BLAKE" time="15.734">
  <properties/>
  <testcase name="testAddNonexistentProject()" classname="main.browse.BrowseFilePageControllerTest" time="3.419"/>
  <testcase name="testCancelAddProject()" classname="main.browse.BrowseFilePageControllerTest" time="0.844"/>
  <testcase name="testProjectsListEmpty()" classname="main.browse.BrowseFilePageControllerTest" time="0.258"/>
  <testcase name="testAddProject()" classname="main.browse.BrowseFilePageControllerTest" time="4.964"/>
  <testcase name="testBackToMainMenu()" classname="main.browse.BrowseFilePageControllerTest" time="0.755"/>
  <testcase name="testDeleteProject()" classname="main.browse.BrowseFilePageControllerTest" time="5.49"/>
  <system-out><![CDATA[]]></system-out>
  <system-err><![CDATA[Jun 03, 2021 8:52:50 AM javafx.fxml.FXMLLoader$ValueElement processValue
WARNING: Loading FXML document with JavaFX API of version 16 by JavaFX runtime of version 15.0.1
Jun 03, 2021 8:52:50 AM javafx.fxml.FXMLLoader$ValueElement processValue
WARNING: Loading FXML document with JavaFX API of version 16 by JavaFX runtime of version 15.0.1
Jun 03, 2021 8:52:50 AM javafx.fxml.FXMLLoader$ValueElement processValue
WARNING: Loading FXML document with JavaFX API of version 16 by JavaFX runtime of version 15.0.1
Jun 03, 2021 8:52:52 AM javafx.fxml.FXMLLoader$ValueElement processValue
WARNING: Loading FXML document with JavaFX API of version 16 by JavaFX runtime of version 15.0.1
Jun 03, 2021 8:52:52 AM javafx.fxml.FXMLLoader$ValueElement processValue
WARNING: Loading FXML document with JavaFX API of version 16 by JavaFX runtime of version 15.0.1
Jun 03, 2021 8:52:52 AM javafx.fxml.FXMLLoader$ValueElement processValue
WARNING: Loading FXML document with JavaFX API of version 16 by JavaFX runtime of version 15.0.1
Jun 03, 2021 8:52:53 AM javafx.fxml.FXMLLoader$ValueElement processValue
WARNING: Loading FXML document with JavaFX API of version 16 by JavaFX runtime of version 15.0.1
Jun 03, 2021 8:52:53 AM javafx.fxml.FXMLLoader$ValueElement processValue
WARNING: Loading FXML document with JavaFX API of version 16 by JavaFX runtime of version 15.0.1
Jun 03, 2021 8:52:53 AM javafx.fxml.FXMLLoader$ValueElement processValue
WARNING: Loading FXML document with JavaFX API of version 16 by JavaFX runtime of version 15.0.1
Jun 03, 2021 8:52:53 AM javafx.fxml.FXMLLoader$ValueElement processValue
WARNING: Loading FXML document with JavaFX API of version 16 by JavaFX runtime of version 15.0.1
Jun 03, 2021 8:52:53 AM javafx.fxml.FXMLLoader$ValueElement processValue
WARNING: Loading FXML document with JavaFX API of version 16 by JavaFX runtime of version 15.0.1
Jun 03, 2021 8:52:53 AM javafx.fxml.FXMLLoader$ValueElement processValue
WARNING: Loading FXML document with JavaFX API of version 16 by JavaFX runtime of version 15.0.1
Jun 03, 2021 8:52:58 AM javafx.fxml.FXMLLoader$ValueElement processValue
WARNING: Loading FXML document with JavaFX API of version 16 by JavaFX runtime of version 15.0.1
Jun 03, 2021 8:52:58 AM javafx.fxml.FXMLLoader$ValueElement processValue
WARNING: Loading FXML document with JavaFX API of version 16 by JavaFX runtime of version 15.0.1
Jun 03, 2021 8:52:58 AM javafx.fxml.FXMLLoader$ValueElement processValue
WARNING: Loading FXML document with JavaFX API of version 16 by JavaFX runtime of version 15.0.1
Jun 03, 2021 8:52:59 AM javafx.fxml.FXMLLoader$ValueElement processValue
WARNING: Loading FXML document with JavaFX API of version 16 by JavaFX runtime of version 15.0.1
Jun 03, 2021 8:52:59 AM javafx.fxml.FXMLLoader$ValueElement processValue
WARNING: Loading FXML document with JavaFX API of version 16 by JavaFX runtime of version 15.0.1
Jun 03, 2021 8:52:59 AM javafx.fxml.FXMLLoader$ValueElement processValue
WARNING: Loading FXML document with JavaFX API of version 16 by JavaFX runtime of version 15.0.1
]]></system-err>
</testsuite>
