<?xml version="1.0" encoding="UTF-8"?>
<testsuite name="main.browse.BrowseFilePageControllerTest" tests="2" skipped="0" failures="0" errors="0" timestamp="2021-05-26T07:28:59" hostname="BLAKE" time="2.105">
  <properties/>
  <testcase name="testProjectsListEmpty()" classname="main.browse.BrowseFilePageControllerTest" time="1.544"/>
  <testcase name="testBackToMainMenu()" classname="main.browse.BrowseFilePageControllerTest" time="0.56"/>
  <system-out><![CDATA[]]></system-out>
  <system-err><![CDATA[May 26, 2021 12:28:59 AM javafx.fxml.FXMLLoader$ValueElement processValue
WARNING: Loading FXML document with JavaFX API of version 16 by JavaFX runtime of version 15.0.1
May 26, 2021 12:29:00 AM javafx.fxml.FXMLLoader$ValueElement processValue
WARNING: Loading FXML document with JavaFX API of version 16 by JavaFX runtime of version 15.0.1
May 26, 2021 12:29:00 AM javafx.fxml.FXMLLoader$ValueElement processValue
WARNING: Loading FXML document with JavaFX API of version 16 by JavaFX runtime of version 15.0.1
May 26, 2021 12:29:00 AM javafx.fxml.FXMLLoader$ValueElement processValue
WARNING: Loading FXML document with JavaFX API of version 16 by JavaFX runtime of version 15.0.1
May 26, 2021 12:29:00 AM javafx.fxml.FXMLLoader$ValueElement processValue
WARNING: Loading FXML document with JavaFX API of version 16 by JavaFX runtime of version 15.0.1
May 26, 2021 12:29:00 AM javafx.fxml.FXMLLoader$ValueElement processValue
WARNING: Loading FXML document with JavaFX API of version 16 by JavaFX runtime of version 15.0.1
]]></system-err>
</testsuite>
